#
# There is insufficient memory for the Java Runtime Environment to continue.
# Native memory allocation (malloc) failed to allocate 32744 bytes for ChunkPool::allocate
# Possible reasons:
#   The system is out of physical RAM or swap space
#   In 32 bit mode, the process size limit was hit
# Possible solutions:
#   Reduce memory load on the system
#   Increase physical memory or swap space
#   Check if swap backing store is full
#   Use 64 bit Java on a 64 bit OS
#   Decrease Java heap size (-Xmx/-Xms)
#   Decrease number of Java threads
#   Decrease Java thread stack sizes (-Xss)
#   Set larger code cache with -XX:ReservedCodeCacheSize=
# This output file may be truncated or incomplete.
#
#  Out of Memory Error (allocation.cpp:273), pid=41880, tid=0x000000000000a3fc
#
# JRE version: Java(TM) SE Runtime Environment (8.0_181-b13) (build 1.8.0_181-b13)
# Java VM: Java HotSpot(TM) 64-Bit Server VM (25.181-b13 mixed mode windows-amd64 compressed oops)
# Failed to write core dump. Minidumps are not enabled by default on client versions of Windows
#

---------------  T H R E A D  ---------------

Current thread (0x0000000015d8e000):  JavaThread "C1 CompilerThread2" daemon [_thread_in_native, id=41980, stack(0x0000000016580000,0x0000000016680000)]

Stack: [0x0000000016580000,0x0000000016680000]
[error occurred during error reporting (printing stack bounds), id 0xc0000005]

Native frames: (J=compiled Java code, j=interpreted, Vv=VM code, C=native code)


Current CompileTask:
C1:   9175 2921       3       jdk.internal.org.objectweb.asm.MethodWriter::visitMaxs (1159 bytes)


---------------  P R O C E S S  ---------------

Java Threads: ( => current thread )
  0x000000001aa46000 JavaThread "Cache worker for execution history cache (C:\Users\dell\.gradle\caches\5.5\executionHistory)" [_thread_blocked, id=33740, stack(0x000000001e5b0000,0x000000001e6b0000)]
  0x000000001aa45800 JavaThread "Cache worker for cache directory md-rule (C:\Users\dell\.gradle\caches\5.5\md-rule)" [_thread_blocked, id=41184, stack(0x000000001e4b0000,0x000000001e5b0000)]
  0x000000001aa44800 JavaThread "Cache worker for cache directory md-supplier (C:\Users\dell\.gradle\caches\5.5\md-supplier)" [_thread_blocked, id=36836, stack(0x000000001e3b0000,0x000000001e4b0000)]
  0x0000000017a47000 JavaThread "Cache worker for file hash cache (E:\school\lesson\three(2)\hunhe\HW\android\.gradle\5.5\fileHashes)" [_thread_blocked, id=41020, stack(0x000000001b690000,0x000000001b790000)]
  0x0000000017a46000 JavaThread "Cache worker for journal cache (C:\Users\dell\.gradle\caches\journal-1)" [_thread_blocked, id=39876, stack(0x00000000190f0000,0x00000000191f0000)]
  0x0000000017a45800 JavaThread "File lock request listener" [_thread_in_native, id=40780, stack(0x0000000018ff0000,0x00000000190f0000)]
  0x0000000017a41000 JavaThread "Cache worker for file hash cache (C:\Users\dell\.gradle\caches\5.5\fileHashes)" [_thread_blocked, id=40820, stack(0x0000000018ef0000,0x0000000018ff0000)]
  0x0000000017946000 JavaThread "Thread-9" [_thread_blocked, id=28032, stack(0x0000000018df0000,0x0000000018ef0000)]
  0x000000001794e800 JavaThread "Stdin handler" [_thread_blocked, id=22292, stack(0x0000000018cf0000,0x0000000018df0000)]
  0x00000000178c9000 JavaThread "Asynchronous log dispatcher for DefaultDaemonConnection: socket connection from /127.0.0.1:26368 to /127.0.0.1:26369" [_thread_blocked, id=40980, stack(0x0000000018bf0000,0x0000000018cf0000)]
  0x00000000178bb800 JavaThread "Daemon worker" [_thread_in_native, id=40988, stack(0x0000000018af0000,0x0000000018bf0000)]
  0x00000000178bb000 JavaThread "Cancel handler" [_thread_blocked, id=40992, stack(0x00000000189f0000,0x0000000018af0000)]
  0x00000000178b7800 JavaThread "Handler for socket connection from /127.0.0.1:26368 to /127.0.0.1:26369" [_thread_in_native, id=25652, stack(0x00000000186f0000,0x00000000187f0000)]
  0x00000000178b0000 JavaThread "Daemon" [_thread_blocked, id=38696, stack(0x00000000185f0000,0x00000000186f0000)]
  0x00000000178ec000 JavaThread "Daemon periodic checks" [_thread_blocked, id=34868, stack(0x00000000184f0000,0x00000000185f0000)]
  0x000000001789f800 JavaThread "Incoming local TCP Connector on port 26368" [_thread_in_native, id=27972, stack(0x0000000018350000,0x0000000018450000)]
  0x00000000177d1000 JavaThread "Daemon health stats" [_thread_blocked, id=26192, stack(0x0000000018050000,0x0000000018150000)]
  0x0000000015e0f800 JavaThread "Service Thread" daemon [_thread_blocked, id=40972, stack(0x0000000016680000,0x0000000016780000)]
=>0x0000000015d8e000 JavaThread "C1 CompilerThread2" daemon [_thread_in_native, id=41980, stack(0x0000000016580000,0x0000000016680000)]
  0x0000000015d8a000 JavaThread "C2 CompilerThread1" daemon [_thread_in_native, id=41976, stack(0x0000000016480000,0x0000000016580000)]
  0x0000000014a1c000 JavaThread "C2 CompilerThread0" daemon [_thread_in_native, id=41972, stack(0x0000000016380000,0x0000000016480000)]
  0x00000000149d0000 JavaThread "Attach Listener" daemon [_thread_blocked, id=41968, stack(0x0000000016280000,0x0000000016380000)]
  0x00000000149cf800 JavaThread "Signal Dispatcher" daemon [_thread_blocked, id=41964, stack(0x0000000016180000,0x0000000016280000)]
  0x00000000149a9000 JavaThread "Finalizer" daemon [_thread_blocked, id=41960, stack(0x0000000015c20000,0x0000000015d20000)]
  0x0000000003594000 JavaThread "Reference Handler" daemon [_thread_blocked, id=41956, stack(0x0000000015b20000,0x0000000015c20000)]
  0x0000000002ffe000 JavaThread "main" [_thread_blocked, id=41932, stack(0x00000000033a0000,0x00000000034a0000)]

Other Threads:
  0x0000000014987800 VMThread [stack: 0x0000000015a20000,0x0000000015b20000] [id=41952]
  0x0000000015e32000 WatcherThread [stack: 0x0000000016780000,0x0000000016880000] [id=40968]

VM state:not at safepoint (normal execution)

VM Mutex/Monitor currently owned by a thread: None

Heap:
 PSYoungGen      total 76288K, used 64744K [0x00000000f5580000, 0x00000000fce00000, 0x0000000100000000)
  eden space 65536K, 83% used [0x00000000f5580000,0x00000000f8ada3a8,0x00000000f9580000)
  from space 10752K, 94% used [0x00000000f9580000,0x00000000f9f60020,0x00000000fa000000)
  to   space 12800K, 0% used [0x00000000fc180000,0x00000000fc180000,0x00000000fce00000)
 ParOldGen       total 175104K, used 11031K [0x00000000e0000000, 0x00000000eab00000, 0x00000000f5580000)
  object space 175104K, 6% used [0x00000000e0000000,0x00000000e0ac5d38,0x00000000eab00000)
 Metaspace       used 33963K, capacity 34654K, committed 35072K, reserved 1079296K
  class space    used 4757K, capacity 5003K, committed 5120K, reserved 1048576K

Card table byte_map: [0x0000000012960000,0x0000000012a70000] byte_map_base: 0x0000000012260000

Marking Bits: (ParMarkBitMap*) 0x0000000056462d00
 Begin Bits: [0x0000000012f20000, 0x0000000013720000)
 End Bits:   [0x0000000013720000, 0x0000000013f20000)

Polling page: 0x0000000002f90000

CodeCache: size=245760Kb used=10930Kb max_used=10930Kb free=234829Kb
 bounds [0x00000000035a0000, 0x0000000004060000, 0x00000000125a0000]
 total_blobs=3597 nmethods=2881 adapters=628
 compilation: enabled

Compilation events (10 events):
Event: 9.160 Thread 0x0000000015d8e000 nmethod 2915 0x000000000404e7d0 code [0x000000000404e960, 0x000000000404ed30]
Event: 9.161 Thread 0x0000000015d8e000 2916   !   3       org.gradle.api.internal.attributes.DefaultImmutableAttributesFactory::doConcatIsolatable (146 bytes)
Event: 9.162 Thread 0x0000000015d8e000 nmethod 2916 0x000000000404efd0 code [0x000000000404f240, 0x00000000040502e8]
Event: 9.162 Thread 0x0000000015d8e000 2917       1       org.gradle.api.internal.artifacts.ivyservice.ivyresolve.RepositoryBlacklister$NoOpBlacklister::isBlacklisted (2 bytes)
Event: 9.162 Thread 0x0000000015d8e000 nmethod 2917 0x0000000004050cd0 code [0x0000000004050e20, 0x0000000004050f30]
Event: 9.162 Thread 0x0000000015d8e000 2918       1       org.gradle.api.internal.artifacts.repositories.resolver.MavenResolver::getLocalAccess (5 bytes)
Event: 9.162 Thread 0x0000000015d8e000 nmethod 2918 0x0000000004050f90 code [0x00000000040510e0, 0x00000000040511f0]
Event: 9.165 Thread 0x0000000015d8e000 2920       3       jdk.internal.org.objectweb.asm.MethodWriter::<init> (268 bytes)
Event: 9.166 Thread 0x0000000015d8e000 nmethod 2920 0x0000000004051250 code [0x0000000004051480, 0x0000000004052168]
Event: 9.166 Thread 0x0000000015d8e000 2921       3       jdk.internal.org.objectweb.asm.MethodWriter::visitMaxs (1159 bytes)

GC Heap History (10 events):
Event: 2.499 GC heap before
{Heap before GC invocations=2 (full 0):
 PSYoungGen      total 76288K, used 72027K [0x00000000f5580000, 0x00000000faa80000, 0x0000000100000000)
  eden space 65536K, 100% used [0x00000000f5580000,0x00000000f9580000,0x00000000f9580000)
  from space 10752K, 60% used [0x00000000f9580000,0x00000000f9bd6c98,0x00000000fa000000)
  to   space 10752K, 0% used [0x00000000fa000000,0x00000000fa000000,0x00000000faa80000)
 ParOldGen       total 175104K, used 16K [0x00000000e0000000, 0x00000000eab00000, 0x00000000f5580000)
  object space 175104K, 0% used [0x00000000e0000000,0x00000000e0004000,0x00000000eab00000)
 Metaspace       used 14999K, capacity 15428K, committed 15616K, reserved 1062912K
  class space    used 2166K, capacity 2302K, committed 2304K, reserved 1048576K
Event: 2.513 GC heap after
Heap after GC invocations=2 (full 0):
 PSYoungGen      total 76288K, used 10027K [0x00000000f5580000, 0x00000000faa80000, 0x0000000100000000)
  eden space 65536K, 0% used [0x00000000f5580000,0x00000000f5580000,0x00000000f9580000)
  from space 10752K, 93% used [0x00000000fa000000,0x00000000fa9cae78,0x00000000faa80000)
  to   space 10752K, 0% used [0x00000000f9580000,0x00000000f9580000,0x00000000fa000000)
 ParOldGen       total 175104K, used 24K [0x00000000e0000000, 0x00000000eab00000, 0x00000000f5580000)
  object space 175104K, 0% used [0x00000000e0000000,0x00000000e0006000,0x00000000eab00000)
 Metaspace       used 14999K, capacity 15428K, committed 15616K, reserved 1062912K
  class space    used 2166K, capacity 2302K, committed 2304K, reserved 1048576K
}
Event: 3.346 GC heap before
{Heap before GC invocations=3 (full 0):
 PSYoungGen      total 76288K, used 62756K [0x00000000f5580000, 0x00000000faa80000, 0x0000000100000000)
  eden space 65536K, 80% used [0x00000000f5580000,0x00000000f88fe560,0x00000000f9580000)
  from space 10752K, 93% used [0x00000000fa000000,0x00000000fa9cae78,0x00000000faa80000)
  to   space 10752K, 0% used [0x00000000f9580000,0x00000000f9580000,0x00000000fa000000)
 ParOldGen       total 175104K, used 24K [0x00000000e0000000, 0x00000000eab00000, 0x00000000f5580000)
  object space 175104K, 0% used [0x00000000e0000000,0x00000000e0006000,0x00000000eab00000)
 Metaspace       used 20741K, capacity 21132K, committed 21248K, reserved 1067008K
  class space    used 2930K, capacity 3072K, committed 3072K, reserved 1048576K
Event: 3.356 GC heap after
Heap after GC invocations=3 (full 0):
 PSYoungGen      total 76288K, used 10739K [0x00000000f5580000, 0x00000000faa80000, 0x0000000100000000)
  eden space 65536K, 0% used [0x00000000f5580000,0x00000000f5580000,0x00000000f9580000)
  from space 10752K, 99% used [0x00000000f9580000,0x00000000f9ffcc60,0x00000000fa000000)
  to   space 10752K, 0% used [0x00000000fa000000,0x00000000fa000000,0x00000000faa80000)
 ParOldGen       total 175104K, used 596K [0x00000000e0000000, 0x00000000eab00000, 0x00000000f5580000)
  object space 175104K, 0% used [0x00000000e0000000,0x00000000e0095180,0x00000000eab00000)
 Metaspace       used 20741K, capacity 21132K, committed 21248K, reserved 1067008K
  class space    used 2930K, capacity 3072K, committed 3072K, reserved 1048576K
}
Event: 3.356 GC heap before
{Heap before GC invocations=4 (full 1):
 PSYoungGen      total 76288K, used 10739K [0x00000000f5580000, 0x00000000faa80000, 0x0000000100000000)
  eden space 65536K, 0% used [0x00000000f5580000,0x00000000f5580000,0x00000000f9580000)
  from space 10752K, 99% used [0x00000000f9580000,0x00000000f9ffcc60,0x00000000fa000000)
  to   space 10752K, 0% used [0x00000000fa000000,0x00000000fa000000,0x00000000faa80000)
 ParOldGen       total 175104K, used 596K [0x00000000e0000000, 0x00000000eab00000, 0x00000000f5580000)
  object space 175104K, 0% used [0x00000000e0000000,0x00000000e0095180,0x00000000eab00000)
 Metaspace       used 20741K, capacity 21132K, committed 21248K, reserved 1067008K
  class space    used 2930K, capacity 3072K, committed 3072K, reserved 1048576K
Event: 3.393 GC heap after
Heap after GC invocations=4 (full 1):
 PSYoungGen      total 76288K, used 0K [0x00000000f5580000, 0x00000000faa80000, 0x0000000100000000)
  eden space 65536K, 0% used [0x00000000f5580000,0x00000000f5580000,0x00000000f9580000)
  from space 10752K, 0% used [0x00000000f9580000,0x00000000f9580000,0x00000000fa000000)
  to   space 10752K, 0% used [0x00000000fa000000,0x00000000fa000000,0x00000000faa80000)
 ParOldGen       total 175104K, used 11015K [0x00000000e0000000, 0x00000000eab00000, 0x00000000f5580000)
  object space 175104K, 6% used [0x00000000e0000000,0x00000000e0ac1d38,0x00000000eab00000)
 Metaspace       used 20741K, capacity 21132K, committed 21248K, reserved 1067008K
  class space    used 2930K, capacity 3072K, committed 3072K, reserved 1048576K
}
Event: 7.945 GC heap before
{Heap before GC invocations=5 (full 1):
 PSYoungGen      total 76288K, used 65536K [0x00000000f5580000, 0x00000000faa80000, 0x0000000100000000)
  eden space 65536K, 100% used [0x00000000f5580000,0x00000000f9580000,0x00000000f9580000)
  from space 10752K, 0% used [0x00000000f9580000,0x00000000f9580000,0x00000000fa000000)
  to   space 10752K, 0% used [0x00000000fa000000,0x00000000fa000000,0x00000000faa80000)
 ParOldGen       total 175104K, used 11015K [0x00000000e0000000, 0x00000000eab00000, 0x00000000f5580000)
  object space 175104K, 6% used [0x00000000e0000000,0x00000000e0ac1d38,0x00000000eab00000)
 Metaspace       used 27512K, capacity 27992K, committed 28288K, reserved 1073152K
  class space    used 3730K, capacity 3885K, committed 3968K, reserved 1048576K
Event: 7.952 GC heap after
Heap after GC invocations=5 (full 1):
 PSYoungGen      total 76288K, used 8034K [0x00000000f5580000, 0x00000000fc500000, 0x0000000100000000)
  eden space 65536K, 0% used [0x00000000f5580000,0x00000000f5580000,0x00000000f9580000)
  from space 10752K, 74% used [0x00000000fa000000,0x00000000fa7d8a20,0x00000000faa80000)
  to   space 10752K, 0% used [0x00000000f9580000,0x00000000f9580000,0x00000000fa000000)
 ParOldGen       total 175104K, used 11023K [0x00000000e0000000, 0x00000000eab00000, 0x00000000f5580000)
  object space 175104K, 6% used [0x00000000e0000000,0x00000000e0ac3d38,0x00000000eab00000)
 Metaspace       used 27512K, capacity 27992K, committed 28288K, reserved 1073152K
  class space    used 3730K, capacity 3885K, committed 3968K, reserved 1048576K
}
Event: 8.504 GC heap before
{Heap before GC invocations=6 (full 1):
 PSYoungGen      total 76288K, used 73570K [0x00000000f5580000, 0x00000000fc500000, 0x0000000100000000)
  eden space 65536K, 100% used [0x00000000f5580000,0x00000000f9580000,0x00000000f9580000)
  from space 10752K, 74% used [0x00000000fa000000,0x00000000fa7d8a20,0x00000000faa80000)
  to   space 10752K, 0% used [0x00000000f9580000,0x00000000f9580000,0x00000000fa000000)
 ParOldGen       total 175104K, used 11023K [0x00000000e0000000, 0x00000000eab00000, 0x00000000f5580000)
  object space 175104K, 6% used [0x00000000e0000000,0x00000000e0ac3d38,0x00000000eab00000)
 Metaspace       used 30886K, capacity 31486K, committed 31744K, reserved 1077248K
  class space    used 4299K, capacity 4537K, committed 4608K, reserved 1048576K
Event: 8.515 GC heap after
Heap after GC invocations=6 (full 1):
 PSYoungGen      total 76288K, used 10112K [0x00000000f5580000, 0x00000000fce00000, 0x0000000100000000)
  eden space 65536K, 0% used [0x00000000f5580000,0x00000000f5580000,0x00000000f9580000)
  from space 10752K, 94% used [0x00000000f9580000,0x00000000f9f60020,0x00000000fa000000)
  to   space 12800K, 0% used [0x00000000fc180000,0x00000000fc180000,0x00000000fce00000)
 ParOldGen       total 175104K, used 11031K [0x00000000e0000000, 0x00000000eab00000, 0x00000000f5580000)
  object space 175104K, 6% used [0x00000000e0000000,0x00000000e0ac5d38,0x00000000eab00000)
 Metaspace       used 30886K, capacity 31486K, committed 31744K, reserved 1077248K
  class space    used 4299K, capacity 4537K, committed 4608K, reserved 1048576K
}

Deoptimization events (10 events):
Event: 7.985 Thread 0x00000000178bb800 Uncommon trap: reason=unstable_if action=reinterpret pc=0x0000000003808fc0 method=java.util.HashMap.getNode(ILjava/lang/Object;)Ljava/util/HashMap$Node; @ 53
Event: 7.986 Thread 0x00000000178bb800 Uncommon trap: reason=unstable_if action=reinterpret pc=0x0000000003a24fc4 method=java.util.HashMap.hash(Ljava/lang/Object;)I @ 1
Event: 7.986 Thread 0x00000000178bb800 Uncommon trap: reason=unstable_if action=reinterpret pc=0x0000000003a25c58 method=java.util.HashMap.putVal(ILjava/lang/Object;Ljava/lang/Object;ZZ)Ljava/lang/Object; @ 85
Event: 8.024 Thread 0x00000000178bb800 Uncommon trap: reason=unstable_if action=reinterpret pc=0x000000000387fe70 method=java.util.LinkedHashMap.afterNodeInsertion(Z)V @ 1
Event: 8.151 Thread 0x00000000178bb800 Uncommon trap: reason=unstable_if action=reinterpret pc=0x0000000003e5a578 method=java.util.WeakHashMap.put(Ljava/lang/Object;Ljava/lang/Object;)Ljava/lang/Object; @ 72
Event: 8.244 Thread 0x00000000178bb800 Uncommon trap: reason=unstable_if action=reinterpret pc=0x0000000003833f8c method=java.io.WinNTFileSystem.resolve(Ljava/lang/String;Ljava/lang/String;)Ljava/lang/String; @ 49
Event: 8.487 Thread 0x00000000178bb800 Uncommon trap: reason=class_check action=maybe_recompile pc=0x0000000003f56a68 method=sun.reflect.generics.reflectiveObjects.TypeVariableImpl.getGenericDeclaration()Ljava/lang/reflect/GenericDeclaration; @ 4
Event: 8.487 Thread 0x00000000178bb800 Uncommon trap: reason=class_check action=maybe_recompile pc=0x0000000003f56a68 method=sun.reflect.generics.reflectiveObjects.TypeVariableImpl.getGenericDeclaration()Ljava/lang/reflect/GenericDeclaration; @ 4
Event: 8.516 Thread 0x00000000149a9000 Uncommon trap: reason=unstable_if action=reinterpret pc=0x0000000003b9c8bc method=java.lang.ref.Finalizer.remove()V @ 10
Event: 8.631 Thread 0x00000000178bb800 Uncommon trap: reason=unstable_if action=reinterpret pc=0x0000000003ee5ca0 method=java.net.URI.match(CJJ)Z @ 45

Classes redefined (0 events):
No events

Internal exceptions (10 events):
Event: 8.300 Thread 0x00000000178bb800 Exception <a 'java/lang/ClassNotFoundException': org/gradle/api/internal/artifacts/dsl/DefaultRepositoryHandlerCustomizer> (0x00000000f7c4f350) thrown at [C:\re\workspace\8-2-build-windows-amd64-cygwin\jdk8u181\11358\hotspot\src\share\vm\classfile\systemD
Event: 8.302 Thread 0x00000000178bb800 Exception <a 'java/lang/ClassNotFoundException': org/gradle/api/internal/artifacts/dsl/DefaultRepositoryHandler_DecoratedCustomizer> (0x00000000f7cc3a88) thrown at [C:\re\workspace\8-2-build-windows-amd64-cygwin\jdk8u181\11358\hotspot\src\share\vm\classfi
Event: 8.612 Thread 0x00000000178bb800 Exception <a 'java/lang/ClassNotFoundException': org/gradle/api/internal/artifacts/dsl/dependencies/DefaultDependencyHandler_DecoratedBeanInfo> (0x00000000f622d640) thrown at [C:\re\workspace\8-2-build-windows-amd64-cygwin\jdk8u181\11358\hotspot\src\share
Event: 8.612 Thread 0x00000000178bb800 Exception <a 'java/lang/ClassNotFoundException': org/gradle/api/internal/artifacts/dsl/dependencies/DefaultDependencyHandlerBeanInfo> (0x00000000f627e108) thrown at [C:\re\workspace\8-2-build-windows-amd64-cygwin\jdk8u181\11358\hotspot\src\share\vm\classf
Event: 8.613 Thread 0x00000000178bb800 Exception <a 'java/lang/ClassNotFoundException': org/gradle/api/internal/artifacts/dsl/dependencies/DefaultDependencyHandlerCustomizer> (0x00000000f62cf898) thrown at [C:\re\workspace\8-2-build-windows-amd64-cygwin\jdk8u181\11358\hotspot\src\share\vm\clas
Event: 8.615 Thread 0x00000000178bb800 Exception <a 'java/lang/ClassNotFoundException': org/gradle/api/internal/artifacts/dsl/dependencies/DefaultDependencyHandler_DecoratedCustomizer> (0x00000000f6353218) thrown at [C:\re\workspace\8-2-build-windows-amd64-cygwin\jdk8u181\11358\hotspot\src\sha
Event: 8.767 Thread 0x00000000178bb800 Exception <a 'java/lang/IncompatibleClassChangeError': Found class java.lang.Object, but interface was expected> (0x00000000f77e7570) thrown at [C:\re\workspace\8-2-build-windows-amd64-cygwin\jdk8u181\11358\hotspot\src\share\vm\interpreter\linkResolver.cp
Event: 8.769 Thread 0x00000000178bb800 Exception <a 'java/lang/NoSuchMethodError': java.lang.Object.lambda$comparing$77a9974f$1(Ljava/util/function/Function;Ljava/lang/Object;Ljava/lang/Object;)I> (0x00000000f77f3a70) thrown at [C:\re\workspace\8-2-build-windows-amd64-cygwin\jdk8u181\11358\hot
Event: 8.771 Thread 0x00000000178bb800 Exception <a 'java/lang/NoSuchMethodError': java.lang.Object.lambda$thenComparing$36697e65$1(Ljava/util/Comparator;Ljava/lang/Object;Ljava/lang/Object;)I> (0x00000000f7807c90) thrown at [C:\re\workspace\8-2-build-windows-amd64-cygwin\jdk8u181\11358\hotspo
Event: 8.774 Thread 0x00000000178bb800 Exception <a 'java/lang/NoSuchMethodError': java.lang.Object.lambda$comparing$ea9a8b3a$1(Ljava/util/Comparator;Ljava/util/function/Function;Ljava/lang/Object;Ljava/lang/Object;)I> (0x00000000f7824520) thrown at [C:\re\workspace\8-2-build-windows-amd64-cyg

Events (10 events):
Event: 9.165 loading class org/gradle/api/internal/artifacts/ivyservice/resolveengine/excludes/ModuleExclusions done
Event: 9.165 loading class java/util/stream/ReferencePipeline$3
Event: 9.166 loading class java/util/stream/ReferencePipeline$3 done
Event: 9.166 loading class java/util/stream/Collectors
Event: 9.167 loading class java/util/stream/Collectors done
Event: 9.167 loading class java/util/stream/Collector$Characteristics
Event: 9.167 loading class java/util/stream/Collector$Characteristics done
Event: 9.167 loading class java/util/stream/Collectors$CollectorImpl
Event: 9.167 loading class java/util/stream/Collectors$CollectorImpl done
Event: 9.169 loading class java/util/stream/ReduceOps


Dynamic libraries:
0x00007ff666e50000 - 0x00007ff666e87000 	C:\Program Files\Java\jdk1.8.0_181\bin\java.exe
0x00007ffd747d0000 - 0x00007ffd749a2000 	C:\Windows\SYSTEM32\ntdll.dll
0x00007ffd73490000 - 0x00007ffd7353c000 	C:\Windows\System32\KERNEL32.DLL
0x00007ffd71a90000 - 0x00007ffd71cad000 	C:\Windows\System32\KERNELBASE.dll
0x00007ffd73c20000 - 0x00007ffd73cc2000 	C:\Windows\System32\ADVAPI32.dll
0x00007ffd73720000 - 0x00007ffd737be000 	C:\Windows\System32\msvcrt.dll
0x00007ffd74500000 - 0x00007ffd74559000 	C:\Windows\System32\sechost.dll
0x00007ffd737d0000 - 0x00007ffd738f1000 	C:\Windows\System32\RPCRT4.dll
0x00007ffd735b0000 - 0x00007ffd73715000 	C:\Windows\System32\USER32.dll
0x00007ffd716a0000 - 0x00007ffd716be000 	C:\Windows\System32\win32u.dll
0x00007ffd74170000 - 0x00007ffd741a4000 	C:\Windows\System32\GDI32.dll
0x00007ffd716c0000 - 0x00007ffd71840000 	C:\Windows\System32\gdi32full.dll
0x00007ffd650e0000 - 0x00007ffd6535a000 	C:\Windows\WinSxS\amd64_microsoft.windows.common-controls_6595b64144ccf1df_6.0.14393.953_none_42151e83c686086b\COMCTL32.dll
0x00007ffd74220000 - 0x00007ffd744e8000 	C:\Windows\System32\combase.dll
0x00007ffd718f0000 - 0x00007ffd719e5000 	C:\Windows\System32\ucrtbase.dll
0x00007ffd70ef0000 - 0x00007ffd70f5a000 	C:\Windows\System32\bcryptPrimitives.dll
0x00007ffd74560000 - 0x00007ffd7458e000 	C:\Windows\System32\IMM32.DLL
0x00000000564f0000 - 0x00000000565c2000 	C:\Program Files\Java\jdk1.8.0_181\jre\bin\msvcr100.dll
0x0000000055c40000 - 0x00000000564e2000 	C:\Program Files\Java\jdk1.8.0_181\jre\bin\server\jvm.dll
0x00007ffd737c0000 - 0x00007ffd737c8000 	C:\Windows\System32\PSAPI.DLL
0x00007ffd62e30000 - 0x00007ffd62e39000 	C:\Windows\SYSTEM32\WSOCK32.dll
0x00007ffd6ec60000 - 0x00007ffd6ec83000 	C:\Windows\SYSTEM32\WINMM.dll
0x00007ffd65370000 - 0x00007ffd6537a000 	C:\Windows\SYSTEM32\VERSION.dll
0x00007ffd741b0000 - 0x00007ffd7421a000 	C:\Windows\System32\WS2_32.dll
0x0000000002fa0000 - 0x0000000002fcb000 	C:\Windows\SYSTEM32\WINMMBASE.dll
0x00007ffd70ea0000 - 0x00007ffd70ee2000 	C:\Windows\System32\cfgmgr32.dll
0x0000000057550000 - 0x000000005755f000 	C:\Program Files\Java\jdk1.8.0_181\jre\bin\verify.dll
0x0000000057520000 - 0x0000000057549000 	C:\Program Files\Java\jdk1.8.0_181\jre\bin\java.dll
0x0000000057500000 - 0x0000000057516000 	C:\Program Files\Java\jdk1.8.0_181\jre\bin\zip.dll
0x00007ffd71f80000 - 0x00007ffd73489000 	C:\Windows\System32\SHELL32.dll
0x00007ffd70f60000 - 0x00007ffd71639000 	C:\Windows\System32\windows.storage.dll
0x00007ffd70c80000 - 0x00007ffd70ccc000 	C:\Windows\System32\powrprof.dll
0x00007ffd74110000 - 0x00007ffd74162000 	C:\Windows\System32\shlwapi.dll
0x00007ffd70c60000 - 0x00007ffd70c6f000 	C:\Windows\System32\kernel.appcore.dll
0x00007ffd71840000 - 0x00007ffd718e9000 	C:\Windows\System32\shcore.dll
0x00007ffd70c40000 - 0x00007ffd70c54000 	C:\Windows\System32\profapi.dll
0x00000000574e0000 - 0x00000000574fa000 	C:\Program Files\Java\jdk1.8.0_181\jre\bin\net.dll
0x00007ffd70570000 - 0x00007ffd705cc000 	C:\Windows\system32\mswsock.dll
0x00000000574c0000 - 0x00000000574d1000 	C:\Program Files\Java\jdk1.8.0_181\jre\bin\nio.dll
0x00007ffd41040000 - 0x00007ffd41066000 	C:\Users\dell\.gradle\native\29\windows-amd64\native-platform.dll
0x0000000055c30000 - 0x0000000055c3d000 	C:\Program Files\Java\jdk1.8.0_181\jre\bin\management.dll
0x00007ffd70710000 - 0x00007ffd70727000 	C:\Windows\SYSTEM32\CRYPTSP.dll
0x00007ffd70170000 - 0x00007ffd701a3000 	C:\Windows\system32\rsaenh.dll
0x00007ffd70820000 - 0x00007ffd7084b000 	C:\Windows\SYSTEM32\bcrypt.dll
0x00007ffd703f0000 - 0x00007ffd7040f000 	C:\Windows\SYSTEM32\USERENV.dll
0x00007ffd70730000 - 0x00007ffd7073b000 	C:\Windows\SYSTEM32\CRYPTBASE.dll
0x00007ffd702f0000 - 0x00007ffd70328000 	C:\Windows\SYSTEM32\IPHLPAPI.DLL
0x00007ffd74100000 - 0x00007ffd74108000 	C:\Windows\System32\NSI.dll
0x00007ffd67450000 - 0x00007ffd67466000 	C:\Windows\SYSTEM32\dhcpcsvc6.DLL
0x00007ffd68b30000 - 0x00007ffd68b4a000 	C:\Windows\SYSTEM32\dhcpcsvc.DLL

VM Arguments:
jvm_args: -XX:MaxMetaspaceSize=256m -XX:+HeapDumpOnOutOfMemoryError -Xms256m -Xmx512m -Dfile.encoding=GBK -Duser.country=CN -Duser.language=zh -Duser.variant 
java_command: org.gradle.launcher.daemon.bootstrap.GradleDaemon 5.5
java_class_path (initial): C:\Users\dell\.gradle\wrapper\dists\gradle-5.5-all\byeise1led9a3w3p149d02kfj\gradle-5.5\lib\gradle-launcher-5.5.jar
Launcher Type: SUN_STANDARD

Environment Variables:
JAVA_HOME=C:\Program Files\Java\jdk1.8.0_181\
CLASSPATH=E:\school\lesson\three(2)\hunhe\HW\android\\gradle\wrapper\gradle-wrapper.jar
PATH=C:\Program Files\Java\jdk1.8.0_181\\bin;C:\Program Files\Microsoft\Web Platform Installer\;C:\Program Files (x86)\Microsoft ASP.NET\ASP.NET Web Pages\v1.0\;C:\Program Files (x86)\Windows Kits\8.0\Windows Performance Toolkit\;C:\Program Files\Microsoft SQL Server\110\Tools\Binn\;C:\Program Files (x86)\Microsoft SQL Server\100\Tools\Binn\;C:\Program Files\Microsoft SQL Server\100\Tools\Binn\;C:\Program Files\Microsoft SQL Server\100\DTS\Binn\;C:\Program Files (x86)\Microsoft SQL Server\100\Tools\Binn\VSShell\Common7\IDE\;C:\Program Files (x86)\Microsoft SQL Server\100\DTS\Binn\;C:\Program Files (x86)\Microsoft Visual Studio 9.0\Common7\IDE\PrivateAssemblies\;C:\Windows\system32;C:\Windows;C:\Windows\system32\wbem;C:\Program Files\nodejs\;C:\Windows\System32\cmd.exe;E:\HunHeKaiFa\gradle-4.5-all\gradle-4.5\bin;E:\师大教学文件\Scripts\;E:\师大教学文件\;C:\Users\dell\AppData\Local\Microsoft\WindowsApps;E:\2345下载\VSC\Microsoft VS Code\bin;C:\Users\dell\AppData\Roaming\npm;E:\HunHeKaiFa\android-sdk_r24.4.1-windows\android-sdk-windows/tool;E:\HunHeKaiFa\android-sdk_r24.4.1-windows\android-sdk-windows/platform-tools
USERNAME=dell
OS=Windows_NT
PROCESSOR_IDENTIFIER=Intel64 Family 6 Model 142 Stepping 9, GenuineIntel



---------------  S Y S T E M  ---------------

OS: Windows 10.0 , 64 bit Build 14393 (10.0.14393.2189)

CPU:total 4 (initial active 4) (2 cores per cpu, 2 threads per core) family 6 model 142 stepping 9, cmov, cx8, fxsr, mmx, sse, sse2, sse3, ssse3, sse4.1, sse4.2, popcnt, avx, avx2, aes, clmul, erms, 3dnowpref, lzcnt, ht, tsc, tscinvbit, bmi1, bmi2, adx

Memory: 4k page, physical 4061304k(264200k free), swap 16644216k(5832k free)

vm_info: Java HotSpot(TM) 64-Bit Server VM (25.181-b13) for windows-amd64 JRE (1.8.0_181-b13), built on Jul  7 2018 04:01:33 by "java_re" with MS VC++ 10.0 (VS2010)

time: Wed Jul 15 20:16:02 2020
elapsed time: 9 seconds (0d 0h 0m 9s)

