#
# There is insufficient memory for the Java Runtime Environment to continue.
# Native memory allocation (malloc) failed to allocate 1048576 bytes for AllocateHeap
# Possible reasons:
#   The system is out of physical RAM or swap space
#   In 32 bit mode, the process size limit was hit
# Possible solutions:
#   Reduce memory load on the system
#   Increase physical memory or swap space
#   Check if swap backing store is full
#   Use 64 bit Java on a 64 bit OS
#   Decrease Java heap size (-Xmx/-Xms)
#   Decrease number of Java threads
#   Decrease Java thread stack sizes (-Xss)
#   Set larger code cache with -XX:ReservedCodeCacheSize=
# This output file may be truncated or incomplete.
#
#  Out of Memory Error (memory/allocation.inline.hpp:61), pid=40780, tid=0x0000000000009d00
#
# JRE version:  (8.0_181-b13) (build )
# Java VM: Java HotSpot(TM) 64-Bit Server VM (25.181-b13 mixed mode windows-amd64 compressed oops)
# Failed to write core dump. Minidumps are not enabled by default on client versions of Windows
#

---------------  T H R E A D  ---------------

Current thread (0x0000000002ab2800):  JavaThread "Unknown thread" [_thread_in_vm, id=40192, stack(0x00000000029b0000,0x0000000002ab0000)]

Stack: [0x00000000029b0000,0x0000000002ab0000]
[error occurred during error reporting (printing stack bounds), id 0xc0000005]

Native frames: (J=compiled Java code, j=interpreted, Vv=VM code, C=native code)


---------------  P R O C E S S  ---------------

Java Threads: ( => current thread )

Other Threads:

=>0x0000000002ab2800 (exited) JavaThread "Unknown thread" [_thread_in_vm, id=40192, stack(0x00000000029b0000,0x0000000002ab0000)]

VM state:not at safepoint (normal execution)

VM Mutex/Monitor currently owned by a thread: None

Heap:
 PSYoungGen      total 18944K, used 327K [0x00000000feb00000, 0x0000000100000000, 0x0000000100000000)
  eden space 16384K, 2% used [0x00000000feb00000,0x00000000feb51ec8,0x00000000ffb00000)
  from space 2560K, 0% used [0x00000000ffd80000,0x00000000ffd80000,0x0000000100000000)
  to   space 2560K, 0% used [0x00000000ffb00000,0x00000000ffb00000,0x00000000ffd80000)
 ParOldGen       total 44032K, used 0K [0x00000000fc000000, 0x00000000feb00000, 0x00000000feb00000)
  object space 44032K, 0% used [0x00000000fc000000,0x00000000fc000000,0x00000000feb00000)
 Metaspace       used 775K, capacity 4480K, committed 4480K, reserved 1056768K
  class space    used 76K, capacity 384K, committed 384K, reserved 1048576K

Card table byte_map: [0x0000000000ee0000,0x0000000000f10000] byte_map_base: 0x0000000000700000

Marking Bits: (ParMarkBitMap*) 0x0000000056462d00
 Begin Bits: [0x0000000012370000, 0x0000000012470000)
 End Bits:   [0x0000000012470000, 0x0000000012570000)

Polling page: 0x00000000005f0000

CodeCache: size=245760Kb used=328Kb max_used=328Kb free=245431Kb
 bounds [0x0000000002bb0000, 0x0000000002e20000, 0x0000000011bb0000]
 total_blobs=58 nmethods=0 adapters=38
 compilation: enabled

Compilation events (0 events):
No events

GC Heap History (0 events):
No events

Deoptimization events (0 events):
No events

Classes redefined (0 events):
No events

Internal exceptions (0 events):
No events

Events (10 events):
Event: 0.083 loading class java/lang/Short
Event: 0.083 loading class java/lang/Short done
Event: 0.083 loading class java/lang/Integer
Event: 0.083 loading class java/lang/Integer done
Event: 0.083 loading class java/lang/Long
Event: 0.084 loading class java/lang/Long done
Event: 0.085 loading class java/lang/NullPointerException
Event: 0.085 loading class java/lang/NullPointerException done
Event: 0.085 loading class java/lang/ArithmeticException
Event: 0.085 loading class java/lang/ArithmeticException done


Dynamic libraries:
0x00007ff7af880000 - 0x00007ff7af8b7000 	C:\Program Files\Java\jdk1.8.0_181\bin\java.exe
0x00007ffd747d0000 - 0x00007ffd749a2000 	C:\Windows\SYSTEM32\ntdll.dll
0x00007ffd73490000 - 0x00007ffd7353c000 	C:\Windows\System32\KERNEL32.DLL
0x00007ffd71a90000 - 0x00007ffd71cad000 	C:\Windows\System32\KERNELBASE.dll
0x00007ffd73c20000 - 0x00007ffd73cc2000 	C:\Windows\System32\ADVAPI32.dll
0x00007ffd73720000 - 0x00007ffd737be000 	C:\Windows\System32\msvcrt.dll
0x00007ffd74500000 - 0x00007ffd74559000 	C:\Windows\System32\sechost.dll
0x00007ffd737d0000 - 0x00007ffd738f1000 	C:\Windows\System32\RPCRT4.dll
0x00007ffd735b0000 - 0x00007ffd73715000 	C:\Windows\System32\USER32.dll
0x00007ffd716a0000 - 0x00007ffd716be000 	C:\Windows\System32\win32u.dll
0x00007ffd74170000 - 0x00007ffd741a4000 	C:\Windows\System32\GDI32.dll
0x00007ffd716c0000 - 0x00007ffd71840000 	C:\Windows\System32\gdi32full.dll
0x00007ffd650e0000 - 0x00007ffd6535a000 	C:\Windows\WinSxS\amd64_microsoft.windows.common-controls_6595b64144ccf1df_6.0.14393.953_none_42151e83c686086b\COMCTL32.dll
0x00007ffd74220000 - 0x00007ffd744e8000 	C:\Windows\System32\combase.dll
0x00007ffd718f0000 - 0x00007ffd719e5000 	C:\Windows\System32\ucrtbase.dll
0x00007ffd70ef0000 - 0x00007ffd70f5a000 	C:\Windows\System32\bcryptPrimitives.dll
0x00007ffd74560000 - 0x00007ffd7458e000 	C:\Windows\System32\IMM32.DLL
0x00000000564f0000 - 0x00000000565c2000 	C:\Program Files\Java\jdk1.8.0_181\jre\bin\msvcr100.dll
0x0000000055c40000 - 0x00000000564e2000 	C:\Program Files\Java\jdk1.8.0_181\jre\bin\server\jvm.dll
0x00007ffd737c0000 - 0x00007ffd737c8000 	C:\Windows\System32\PSAPI.DLL
0x00007ffd65370000 - 0x00007ffd6537a000 	C:\Windows\SYSTEM32\VERSION.dll
0x00007ffd62e30000 - 0x00007ffd62e39000 	C:\Windows\SYSTEM32\WSOCK32.dll
0x00007ffd6ec60000 - 0x00007ffd6ec83000 	C:\Windows\SYSTEM32\WINMM.dll
0x00007ffd741b0000 - 0x00007ffd7421a000 	C:\Windows\System32\WS2_32.dll
0x0000000000900000 - 0x000000000092b000 	C:\Windows\SYSTEM32\WINMMBASE.dll
0x00007ffd70ea0000 - 0x00007ffd70ee2000 	C:\Windows\System32\cfgmgr32.dll
0x0000000057550000 - 0x000000005755f000 	C:\Program Files\Java\jdk1.8.0_181\jre\bin\verify.dll
0x0000000057520000 - 0x0000000057549000 	C:\Program Files\Java\jdk1.8.0_181\jre\bin\java.dll
0x0000000057500000 - 0x0000000057516000 	C:\Program Files\Java\jdk1.8.0_181\jre\bin\zip.dll

VM Arguments:
jvm_args: -Xmx64m -Xms64m -Dorg.gradle.appname=gradlew 
java_command: org.gradle.wrapper.GradleWrapperMain assembleRelease
java_class_path (initial): E:\school\lesson\three(2)\hunhe\HW\android\\gradle\wrapper\gradle-wrapper.jar
Launcher Type: SUN_STANDARD

Environment Variables:
JAVA_HOME=C:\Program Files\Java\jdk1.8.0_181\
CLASSPATH=E:\school\lesson\three(2)\hunhe\HW\android\\gradle\wrapper\gradle-wrapper.jar
PATH=C:\Program Files\Java\jdk1.8.0_181\\bin;C:\Program Files\Microsoft\Web Platform Installer\;C:\Program Files (x86)\Microsoft ASP.NET\ASP.NET Web Pages\v1.0\;C:\Program Files (x86)\Windows Kits\8.0\Windows Performance Toolkit\;C:\Program Files\Microsoft SQL Server\110\Tools\Binn\;C:\Program Files (x86)\Microsoft SQL Server\100\Tools\Binn\;C:\Program Files\Microsoft SQL Server\100\Tools\Binn\;C:\Program Files\Microsoft SQL Server\100\DTS\Binn\;C:\Program Files (x86)\Microsoft SQL Server\100\Tools\Binn\VSShell\Common7\IDE\;C:\Program Files (x86)\Microsoft SQL Server\100\DTS\Binn\;C:\Program Files (x86)\Microsoft Visual Studio 9.0\Common7\IDE\PrivateAssemblies\;C:\Windows\system32;C:\Windows;C:\Windows\system32\wbem;C:\Program Files\nodejs\;C:\Windows\System32\cmd.exe;E:\HunHeKaiFa\gradle-4.5-all\gradle-4.5\bin;E:\师大教学文件\Scripts\;E:\师大教学文件\;C:\Users\dell\AppData\Local\Microsoft\WindowsApps;E:\2345下载\VSC\Microsoft VS Code\bin;C:\Users\dell\AppData\Roaming\npm;E:\HunHeKaiFa\android-sdk_r24.4.1-windows\android-sdk-windows/tool;E:\HunHeKaiFa\android-sdk_r24.4.1-windows\android-sdk-windows/platform-tools
USERNAME=dell
OS=Windows_NT
PROCESSOR_IDENTIFIER=Intel64 Family 6 Model 142 Stepping 9, GenuineIntel



---------------  S Y S T E M  ---------------

OS: Windows 10.0 , 64 bit Build 14393 (10.0.14393.2189)

CPU:total 4 (initial active 4) (2 cores per cpu, 2 threads per core) family 6 model 142 stepping 9, cmov, cx8, fxsr, mmx, sse, sse2, sse3, ssse3, sse4.1, sse4.2, popcnt, avx, avx2, aes, clmul, erms, 3dnowpref, lzcnt, ht, tsc, tscinvbit, bmi1, bmi2, adx

Memory: 4k page, physical 4061304k(426300k free), swap 16644216k(5460k free)

vm_info: Java HotSpot(TM) 64-Bit Server VM (25.181-b13) for windows-amd64 JRE (1.8.0_181-b13), built on Jul  7 2018 04:01:33 by "java_re" with MS VC++ 10.0 (VS2010)

time: Wed Jul 15 20:12:40 2020
elapsed time: 0 seconds (0d 0h 0m 0s)

